<?xml version="1.0" encoding="UTF-8"?>
<testsuite name="TokenTest" tests="3" skipped="0" failures="0" errors="0" timestamp="2018-05-05T23:13:35" hostname="cmmb-5152858.lan" time="0.006">
  <properties/>
  <testcase name="firstElement" classname="TokenTest" time="0.005"/>
  <testcase name="testLastElement" classname="TokenTest" time="0.0"/>
  <testcase name="tokenizerTest" classname="TokenTest" time="0.0"/>
  <system-out><![CDATA[]]></system-out>
  <system-err><![CDATA[]]></system-err>
</testsuite>
